"Machine Learning toolkit loaded"
"Q ML Training Client Process running on port 6001 [websocket mode]"
Using TensorFlow backend.
/home/foorx/anaconda3/lib/python3.7/site-packages/tensorboard/compat/tensorflow_stub/dtypes.py:541: FutureWarning: Passing (type, 1) or '1type' as a synonym of type is deprecated; in a future version of numpy, it will be understood as (type, (1,)) / '(1,)type'.
  _np_qint8 = np.dtype([("qint8", np.int8, 1)])
/home/foorx/anaconda3/lib/python3.7/site-packages/tensorboard/compat/tensorflow_stub/dtypes.py:542: FutureWarning: Passing (type, 1) or '1type' as a synonym of type is deprecated; in a future version of numpy, it will be understood as (type, (1,)) / '(1,)type'.
  _np_quint8 = np.dtype([("quint8", np.uint8, 1)])
/home/foorx/anaconda3/lib/python3.7/site-packages/tensorboard/compat/tensorflow_stub/dtypes.py:543: FutureWarning: Passing (type, 1) or '1type' as a synonym of type is deprecated; in a future version of numpy, it will be understood as (type, (1,)) / '(1,)type'.
  _np_qint16 = np.dtype([("qint16", np.int16, 1)])
/home/foorx/anaconda3/lib/python3.7/site-packages/tensorboard/compat/tensorflow_stub/dtypes.py:544: FutureWarning: Passing (type, 1) or '1type' as a synonym of type is deprecated; in a future version of numpy, it will be understood as (type, (1,)) / '(1,)type'.
  _np_quint16 = np.dtype([("quint16", np.uint16, 1)])
/home/foorx/anaconda3/lib/python3.7/site-packages/tensorboard/compat/tensorflow_stub/dtypes.py:545: FutureWarning: Passing (type, 1) or '1type' as a synonym of type is deprecated; in a future version of numpy, it will be understood as (type, (1,)) / '(1,)type'.
  _np_qint32 = np.dtype([("qint32", np.int32, 1)])
/home/foorx/anaconda3/lib/python3.7/site-packages/tensorboard/compat/tensorflow_stub/dtypes.py:550: FutureWarning: Passing (type, 1) or '1type' as a synonym of type is deprecated; in a future version of numpy, it will be understood as (type, (1,)) / '(1,)type'.
  np_resource = np.dtype([("resource", np.ubyte, 1)])
"Connected to kdb master in cloud!"
"Automatic ML model retraining enabled!"
"Rolling Launch Control Model Trainer Up and Ready"
"Not using train test split!"
"Saving realThrottleLSTMTrainingDataMatrix to disk"
"Training LSTM (Regression Window) using real flight data!"
Training using KDB+ input!
Look back steps detected: 10
WARNING:tensorflow:From /home/foorx/anaconda3/lib/python3.7/site-packages/keras/backend/tensorflow_backend.py:422: The name tf.global_variables is deprecated. Please use tf.compat.v1.global_variables instead.

Epoch 1/100
 - 1s - loss: 0.1129
Epoch 2/100
 - 1s - loss: 0.0358
Epoch 3/100
 - 1s - loss: 0.0285
Epoch 4/100
 - 1s - loss: 0.0245
Epoch 5/100
 - 1s - loss: 0.0226
Epoch 6/100
 - 1s - loss: 0.0213
Epoch 7/100
 - 1s - loss: 0.0208
Epoch 8/100
 - 1s - loss: 0.0201
Epoch 9/100
 - 1s - loss: 0.0200
Epoch 10/100
 - 1s - loss: 0.0200
Epoch 11/100
 - 1s - loss: 0.0194
Epoch 12/100
 - 1s - loss: 0.0195
Epoch 13/100
 - 1s - loss: 0.0194
Epoch 14/100
 - 1s - loss: 0.0193
Epoch 15/100
 - 1s - loss: 0.0191
Epoch 16/100
 - 1s - loss: 0.0189
Epoch 17/100
 - 1s - loss: 0.0186
Epoch 18/100
 - 1s - loss: 0.0187
Epoch 19/100
 - 1s - loss: 0.0189
Epoch 20/100
 - 1s - loss: 0.0184
Epoch 21/100
 - 1s - loss: 0.0186
Epoch 22/100
 - 1s - loss: 0.0186
Epoch 23/100
 - 1s - loss: 0.0188
Epoch 24/100
 - 1s - loss: 0.0188
Epoch 25/100
 - 1s - loss: 0.0185
Epoch 26/100
 - 1s - loss: 0.0186
Epoch 27/100
 - 1s - loss: 0.0182
Epoch 28/100
 - 1s - loss: 0.0185
Epoch 29/100
 - 1s - loss: 0.0184
Epoch 30/100
 - 1s - loss: 0.0183
Epoch 31/100
 - 1s - loss: 0.0187
Epoch 32/100
 - 1s - loss: 0.0186
Epoch 33/100
 - 1s - loss: 0.0184
Epoch 34/100
 - 1s - loss: 0.0181
Epoch 35/100
 - 1s - loss: 0.0182
Epoch 36/100
 - 1s - loss: 0.0181
Epoch 37/100
 - 1s - loss: 0.0182
Epoch 38/100
 - 1s - loss: 0.0182
Epoch 39/100
 - 1s - loss: 0.0180
Epoch 40/100
 - 1s - loss: 0.0183
Epoch 41/100
 - 1s - loss: 0.0178
Epoch 42/100
 - 1s - loss: 0.0183
Epoch 43/100
 - 1s - loss: 0.0184
Epoch 44/100
 - 1s - loss: 0.0183
Epoch 45/100
 - 1s - loss: 0.0180
Epoch 46/100
 - 1s - loss: 0.0181
Epoch 47/100
 - 1s - loss: 0.0182
Epoch 48/100
 - 1s - loss: 0.0181
Epoch 49/100
 - 1s - loss: 0.0180
Epoch 50/100
 - 1s - loss: 0.0182
Epoch 51/100
 - 1s - loss: 0.0180
Epoch 52/100
 - 1s - loss: 0.0178
Epoch 53/100
 - 1s - loss: 0.0182
Epoch 54/100
 - 1s - loss: 0.0183
Epoch 55/100
 - 1s - loss: 0.0180
Epoch 56/100
 - 1s - loss: 0.0180
Epoch 57/100
 - 1s - loss: 0.0181
Epoch 58/100
 - 1s - loss: 0.0179
Epoch 59/100
 - 1s - loss: 0.0179
Epoch 60/100
 - 1s - loss: 0.0180
Epoch 61/100
 - 1s - loss: 0.0182
Epoch 62/100
 - 1s - loss: 0.0181
Epoch 63/100
 - 1s - loss: 0.0180
Epoch 64/100
 - 1s - loss: 0.0178
Epoch 65/100
 - 1s - loss: 0.0177
Epoch 66/100
 - 1s - loss: 0.0178
Epoch 67/100
 - 1s - loss: 0.0179
Epoch 68/100
 - 1s - loss: 0.0179
Epoch 69/100
 - 1s - loss: 0.0177
Epoch 70/100
 - 1s - loss: 0.0178
Epoch 71/100
 - 1s - loss: 0.0181
Epoch 72/100
 - 1s - loss: 0.0181
Epoch 73/100
 - 1s - loss: 0.0177
Epoch 74/100
 - 1s - loss: 0.0179
Epoch 75/100
 - 1s - loss: 0.0179
Epoch 76/100
 - 1s - loss: 0.0177
Epoch 77/100
 - 1s - loss: 0.0177
Epoch 78/100
 - 1s - loss: 0.0178
Epoch 79/100
 - 1s - loss: 0.0180
Epoch 80/100
 - 1s - loss: 0.0179
Epoch 81/100
 - 1s - loss: 0.0178
Epoch 82/100
 - 1s - loss: 0.0177
Epoch 83/100
 - 1s - loss: 0.0179
Epoch 84/100
 - 1s - loss: 0.0178
Epoch 85/100
 - 1s - loss: 0.0179
Epoch 86/100
 - 1s - loss: 0.0179
Epoch 87/100
 - 1s - loss: 0.0177
Epoch 88/100
 - 1s - loss: 0.0178
Epoch 89/100
 - 1s - loss: 0.0177
Epoch 90/100
 - 1s - loss: 0.0180
Epoch 91/100
 - 1s - loss: 0.0180
Epoch 92/100
 - 1s - loss: 0.0177
Epoch 93/100
 - 1s - loss: 0.0177
Epoch 94/100
 - 1s - loss: 0.0178
Epoch 95/100
 - 1s - loss: 0.0173
Epoch 96/100
 - 1s - loss: 0.0176
Epoch 97/100
 - 1s - loss: 0.0179
Epoch 98/100
 - 1s - loss: 0.0175
Epoch 99/100
 - 1s - loss: 0.0177
Epoch 100/100
 - 1s - loss: 0.0177
Finished training Regression (Normal) LSTM!
Using Regression (Normal) LSTM
Generating Rolling Launch Control Throttle sequence using KDB+ input!
Look back steps detected: 10
Rolling Launch Control Throttle generated!
"Transferring newly trained LSTM model to cloud!"
"Completed Updating Models"
96608 5278560
